<?xml version="1.0" encoding="UTF-8"?>
<!-- Generated by org.testng.reporters.JUnitReportReporter -->
<testsuite skipped="0" hostname="WPU5CG0283G34L" name="com.OrangeHRM.Handling_Diffrent_Objects" tests="7" failures="0" timestamp="2021-02-23T11:02:18 IST" time="57.319" errors="0">
  <testcase name="RadioButton" time="23.639" classname="com.OrangeHRM.Handling_Diffrent_Objects"/>
  <system-out/>
  <testcase name="CheckBox" time="5.074" classname="com.OrangeHRM.Handling_Diffrent_Objects"/>
  <system-out/>
  <testcase name="DropDown" time="3.071" classname="com.OrangeHRM.Handling_Diffrent_Objects"/>
  <system-out/>
  <testcase name="DoubleClick" time="5.169" classname="com.OrangeHRM.Handling_Diffrent_Objects"/>
  <system-out/>
  <testcase name="AlertBox" time="5.051" classname="com.OrangeHRM.Handling_Diffrent_Objects"/>
  <system-out/>
  <testcase name="ConfirmBox" time="10.048" classname="com.OrangeHRM.Handling_Diffrent_Objects"/>
  <system-out/>
  <testcase name="DragDrop" time="5.267" classname="com.OrangeHRM.Handling_Diffrent_Objects"/>
  <system-out/>
</testsuite> <!-- com.OrangeHRM.Handling_Diffrent_Objects -->
