<?xml version="1.0" encoding="UTF-8"?>
<!-- Generated by org.testng.reporters.JUnitReportReporter -->
<testsuite skipped="0" hostname="WPU5CG0283G34L" name="com.SingleExtentReport_Example.OrangeHRM_Login_TestNG" tests="2" failures="0" timestamp="2021-03-01T11:59:13 IST" time="13.341" errors="0">
  <testcase name="Login" time="9.897" classname="com.SingleExtentReport_Example.OrangeHRM_Login_TestNG"/>
  <system-out/>
  <testcase name="Logout" time="3.444" classname="com.SingleExtentReport_Example.OrangeHRM_Login_TestNG"/>
  <system-out/>
</testsuite> <!-- com.SingleExtentReport_Example.OrangeHRM_Login_TestNG -->
