<?xml version="1.0" encoding="UTF-8"?>
<!-- Generated by org.testng.reporters.JUnitReportReporter -->
<testsuite skipped="0" hostname="WPU5CG0283G34L" name="com.OrangeHRM.HTTP_Authentication_Example" tests="1" failures="0" timestamp="2021-02-26T10:13:52 IST" time="37.645" errors="0">
  <testcase name="HTTPAuth" time="37.645" classname="com.OrangeHRM.HTTP_Authentication_Example"/>
  <system-out/>
</testsuite> <!-- com.OrangeHRM.HTTP_Authentication_Example -->
