<?xml version="1.0" encoding="UTF-8"?>
<!-- Generated by org.testng.reporters.JUnitReportReporter -->
<testsuite skipped="0" hostname="WPU5CG0283G34L" name="com.OrangeHRM.Scrolling_Top_To_Bottom_Example" tests="1" failures="0" timestamp="2021-03-01T13:06:03 IST" time="15.334" errors="0">
  <testcase name="ByPage" time="15.334" classname="com.OrangeHRM.Scrolling_Top_To_Bottom_Example"/>
  <system-out/>
</testsuite> <!-- com.OrangeHRM.Scrolling_Top_To_Bottom_Example -->
