<?xml version="1.0" encoding="UTF-8"?>
<!-- Generated by org.testng.reporters.JUnitReportReporter -->
<testsuite skipped="0" hostname="WPU5CG0283G34L" name="com.OrangeHRM.OrangeHRM_Login_TestNG" tests="2" failures="0" timestamp="2021-02-20T23:43:18 IST" time="13.369" errors="0">
  <testcase name="Login" time="10.100" classname="com.OrangeHRM.OrangeHRM_Login_TestNG"/>
  <system-out/>
  <testcase name="Logout" time="3.269" classname="com.OrangeHRM.OrangeHRM_Login_TestNG"/>
  <system-out/>
</testsuite> <!-- com.OrangeHRM.OrangeHRM_Login_TestNG -->
