<?xml version="1.0" encoding="UTF-8"?>
<!-- Generated by org.testng.reporters.JUnitReportReporter -->
<testsuite skipped="0" hostname="WPU5CG0283G34L" name="com.OrangeHRM.MouseOver_OrangeHRM" tests="1" failures="0" timestamp="2021-02-22T11:41:44 IST" time="26.075" errors="0">
  <testcase name="f" time="26.075" classname="com.OrangeHRM.MouseOver_OrangeHRM"/>
  <system-out/>
</testsuite> <!-- com.OrangeHRM.MouseOver_OrangeHRM -->
