<?xml version="1.0" encoding="UTF-8"?>
<!-- Generated by org.testng.reporters.JUnitReportReporter -->
<testsuite skipped="0" hostname="WPU5CG0283G34L" name="com.OrangeHRM.HDFC_Login_TestNG" tests="1" failures="0" timestamp="2021-02-22T10:32:24 IST" time="1.149" errors="0">
  <testcase name="EnterCustomerID" time="1.149" classname="com.OrangeHRM.HDFC_Login_TestNG"/>
  <system-out/>
</testsuite> <!-- com.OrangeHRM.HDFC_Login_TestNG -->
