<?xml version="1.0" encoding="UTF-8"?>
<!-- Generated by org.testng.reporters.JUnitReportReporter -->
<testsuite skipped="0" hostname="WPU5CG0283G34L" name="com.OrangeHRM.OrangeHRM_ReadOR_File" tests="1" failures="0" timestamp="2021-02-26T11:45:22 IST" time="27.831" errors="0">
  <testcase name="Flight_Login" time="27.831" classname="com.OrangeHRM.OrangeHRM_ReadOR_File"/>
  <system-out/>
</testsuite> <!-- com.OrangeHRM.OrangeHRM_ReadOR_File -->
