<?xml version="1.0" encoding="UTF-8"?>
<!-- Generated by org.testng.reporters.JUnitReportReporter -->
<testsuite skipped="0" hostname="WPU5CG0283G34L" name="com.Log4j.OrangeHRM_Login_Log4j" tests="1" failures="0" timestamp="2021-03-02T12:23:53 IST" time="47.391" errors="0">
  <testcase name="LoginToOrangeHRM" time="47.391" classname="com.Log4j.OrangeHRM_Login_Log4j"/>
  <system-out/>
</testsuite> <!-- com.Log4j.OrangeHRM_Login_Log4j -->
