<?xml version="1.0" encoding="UTF-8"?>
<!-- Generated by org.testng.reporters.JUnitReportReporter -->
<testsuite skipped="0" hostname="WPU5CG0283G34L" name="com.OrangeHRM.CrossBrowser_Testing" tests="6" failures="0" timestamp="2021-02-24T12:19:02 IST" time="81.615" errors="0">
  <testcase name="OrangeHRM_Login" time="25.498" classname="com.OrangeHRM.CrossBrowser_Testing"/>
  <system-out/>
  <testcase name="OrangeHRM_Login" time="7.536" classname="com.OrangeHRM.CrossBrowser_Testing"/>
  <system-out/>
  <testcase name="OrangeHRM_Login" time="23.711" classname="com.OrangeHRM.CrossBrowser_Testing"/>
  <system-out/>
  <testcase name="OrangeHRM_Login" time="8.535" classname="com.OrangeHRM.CrossBrowser_Testing"/>
  <system-out/>
  <testcase name="OrangeHRM_Login" time="8.558" classname="com.OrangeHRM.CrossBrowser_Testing"/>
  <system-out/>
  <testcase name="OrangeHRM_Login" time="7.777" classname="com.OrangeHRM.CrossBrowser_Testing"/>
  <system-out/>
</testsuite> <!-- com.OrangeHRM.CrossBrowser_Testing -->
