<?xml version="1.0" encoding="UTF-8"?>
<!-- Generated by org.testng.reporters.JUnitReportReporter -->
<testsuite skipped="0" hostname="WPU5CG0283G34L" name="testNGListener.Logger.OrangrHRM_Login_Before_After_Example" tests="1" failures="0" timestamp="2021-03-02T13:41:27 IST" time="121.219" errors="0">
  <testcase name="LoginToOrangeHRM" time="121.219" classname="testNGListener.Logger.OrangrHRM_Login_Before_After_Example"/>
  <system-out/>
</testsuite> <!-- testNGListener.Logger.OrangrHRM_Login_Before_After_Example -->
