<?xml version="1.0" encoding="UTF-8"?>
<!-- Generated by org.testng.reporters.JUnitReportReporter -->
<testsuite skipped="0" hostname="WPU5CG0283G34L" name="com.OrangeHRM.Flipkart_TestNG" tests="1" failures="0" timestamp="2021-02-23T00:20:58 IST" time="16.872" errors="0">
  <testcase name="EnterCustomerID" time="16.872" classname="com.OrangeHRM.Flipkart_TestNG"/>
  <system-out/>
</testsuite> <!-- com.OrangeHRM.Flipkart_TestNG -->
