<?xml version="1.0" encoding="UTF-8"?>
<!-- Generated by org.testng.reporters.JUnitReportReporter -->
<testsuite skipped="0" hostname="WPU5CG0283G34L" name="com.OrangeHRM.OrangeHRM_Login_All_Tcs_Scenario" tests="5" failures="0" timestamp="2021-02-24T13:10:32 IST" time="53.183" errors="0">
  <testcase name="LoginAllCases" time="8.482" classname="com.OrangeHRM.OrangeHRM_Login_All_Tcs_Scenario"/>
  <system-out/>
  <testcase name="LoginAllCases" time="11.571" classname="com.OrangeHRM.OrangeHRM_Login_All_Tcs_Scenario"/>
  <system-out/>
  <testcase name="LoginAllCases" time="20.282" classname="com.OrangeHRM.OrangeHRM_Login_All_Tcs_Scenario"/>
  <system-out/>
  <testcase name="LoginAllCases" time="5.720" classname="com.OrangeHRM.OrangeHRM_Login_All_Tcs_Scenario"/>
  <system-out/>
  <testcase name="LoginAllCases" time="7.128" classname="com.OrangeHRM.OrangeHRM_Login_All_Tcs_Scenario"/>
  <system-out/>
</testsuite> <!-- com.OrangeHRM.OrangeHRM_Login_All_Tcs_Scenario -->
