<?xml version="1.0" encoding="UTF-8"?>
<!-- Generated by org.testng.reporters.JUnitReportReporter -->
<testsuite skipped="0" hostname="WPU5CG0283G34L" name="com.OrangeHRM.OrangeHRM_Login_GetText_GetTitle_GetCurrentURL" tests="2" failures="0" timestamp="2021-02-19T11:41:37 IST" time="23.072" errors="0">
  <testcase name="Login" time="19.471" classname="com.OrangeHRM.OrangeHRM_Login_GetText_GetTitle_GetCurrentURL"/>
  <system-out/>
  <testcase name="Logout" time="3.601" classname="com.OrangeHRM.OrangeHRM_Login_GetText_GetTitle_GetCurrentURL"/>
  <system-out/>
</testsuite> <!-- com.OrangeHRM.OrangeHRM_Login_GetText_GetTitle_GetCurrentURL -->
