<?xml version="1.0" encoding="UTF-8"?>
<!-- Generated by org.testng.reporters.JUnitReportReporter -->
<testsuite skipped="0" hostname="WPU5CG0283G34L" name="com.OrangeHRM.OrangeHRM_Login_Implicit_Explicit_Wait" tests="2" failures="0" timestamp="2021-02-19T12:59:28 IST" time="20.301" errors="0">
  <testcase name="Login" time="18.154" classname="com.OrangeHRM.OrangeHRM_Login_Implicit_Explicit_Wait"/>
  <system-out/>
  <testcase name="Logout" time="2.147" classname="com.OrangeHRM.OrangeHRM_Login_Implicit_Explicit_Wait"/>
  <system-out/>
</testsuite> <!-- com.OrangeHRM.OrangeHRM_Login_Implicit_Explicit_Wait -->
