<?xml version="1.0" encoding="UTF-8"?>
<!-- Generated by org.testng.reporters.JUnitReportReporter -->
<testsuite skipped="0" hostname="WPU5CG0283G34L" name="com.OrangeHRM.Mobile_Access" tests="1" failures="0" timestamp="2021-02-23T12:23:11 IST" time="13.621" errors="0">
  <testcase name="SignOn" time="13.621" classname="com.OrangeHRM.Mobile_Access"/>
  <system-out/>
</testsuite> <!-- com.OrangeHRM.Mobile_Access -->
