<?xml version="1.0" encoding="UTF-8"?>
<!-- Generated by org.testng.reporters.JUnitReportReporter -->
<testsuite skipped="0" hostname="WPU5CG0283G34L" name="com.OrangeHRM.ExtentReport_Example" tests="2" failures="0" timestamp="2021-02-26T12:56:39 IST" time="34.400" errors="0">
  <testcase name="LaunchApplication" time="2.558" classname="com.OrangeHRM.ExtentReport_Example"/>
  <system-out/>
  <testcase name="Sign_On" time="31.842" classname="com.OrangeHRM.ExtentReport_Example"/>
  <system-out/>
</testsuite> <!-- com.OrangeHRM.ExtentReport_Example -->
