<?xml version="1.0" encoding="UTF-8"?>
<!-- Generated by org.testng.reporters.JUnitReportReporter -->
<testsuite skipped="0" hostname="WPU5CG0283G34L" name="com.OrangeHRM.Scroll_To_Element" tests="1" failures="0" timestamp="2021-03-01T13:19:30 IST" time="15.152" errors="0">
  <testcase name="ScrollHorizontally" time="15.152" classname="com.OrangeHRM.Scroll_To_Element"/>
  <system-out/>
</testsuite> <!-- com.OrangeHRM.Scroll_To_Element -->
