<?xml version="1.0" encoding="UTF-8"?>
<!-- Generated by org.testng.reporters.JUnitReportReporter -->
<testsuite skipped="0" hostname="WPU5CG0283G34L" name="com.OrangeHRM.Handling_JavaScriptAlert" tests="1" failures="0" timestamp="2021-02-24T11:25:27 IST" time="0.156" errors="0">
  <testcase name="EnterCustomerID" time="0.156" classname="com.OrangeHRM.Handling_JavaScriptAlert"/>
  <system-out/>
</testsuite> <!-- com.OrangeHRM.Handling_JavaScriptAlert -->
