<?xml version="1.0" encoding="UTF-8"?>
<!-- Generated by org.testng.reporters.JUnitReportReporter -->
<testsuite skipped="0" hostname="WPU5CG0283G34L" name="com.OrangeHRM.OrangeHRM_Navigation_Command" tests="1" failures="0" timestamp="2021-02-22T12:34:02 IST" time="27.658" errors="0">
  <testcase name="f" time="27.658" classname="com.OrangeHRM.OrangeHRM_Navigation_Command"/>
  <system-out/>
</testsuite> <!-- com.OrangeHRM.OrangeHRM_Navigation_Command -->
