<?xml version="1.0" encoding="UTF-8"?>
<!-- Generated by org.testng.reporters.JUnitReportReporter -->
<testsuite skipped="0" hostname="WPU5CG0283G34L" name="com.OrangeHRM.SmokeTestSuite" tests="1" failures="0" timestamp="2021-02-24T11:25:27 IST" time="0.008" errors="0">
  <testcase name="SmokeBatchExecution" time="0.008" classname="com.OrangeHRM.SmokeTestSuite"/>
  <system-out/>
</testsuite> <!-- com.OrangeHRM.SmokeTestSuite -->
