<?xml version="1.0" encoding="UTF-8"?>
<!-- Generated by org.testng.reporters.JUnitReportReporter -->
<testsuite skipped="0" hostname="WPU5CG0283G34L" name="com.OrangeHRM.OrangeHRM_Login_Keys_Operation" tests="2" failures="0" timestamp="2021-02-25T09:54:53 IST" time="12.264" errors="0">
  <testcase name="Login" time="9.233" classname="com.OrangeHRM.OrangeHRM_Login_Keys_Operation"/>
  <system-out/>
  <testcase name="Logout" time="3.031" classname="com.OrangeHRM.OrangeHRM_Login_Keys_Operation"/>
  <system-out/>
</testsuite> <!-- com.OrangeHRM.OrangeHRM_Login_Keys_Operation -->
