<?xml version="1.0" encoding="UTF-8"?>
<!-- Generated by org.testng.reporters.JUnitReportReporter -->
<testsuite skipped="0" hostname="WPU5CG0283G34L" name="com.OrangeHRM.Parallel_Thread_Example" tests="3" failures="0" timestamp="2021-02-25T10:49:06 IST" time="52.981" errors="0">
  <testcase name="ChromeTest" time="13.370" classname="com.OrangeHRM.Parallel_Thread_Example"/>
  <system-out/>
  <testcase name="FirefoxTest" time="17.748" classname="com.OrangeHRM.Parallel_Thread_Example"/>
  <system-out/>
  <testcase name="EdgeTest" time="21.863" classname="com.OrangeHRM.Parallel_Thread_Example"/>
  <system-out/>
</testsuite> <!-- com.OrangeHRM.Parallel_Thread_Example -->
