<?xml version="1.0" encoding="UTF-8"?>
<!-- Generated by org.testng.reporters.JUnitReportReporter -->
<testsuite skipped="0" hostname="WPU5CG0283G34L" name="com.SingleExtentReport_Example.DragandDrop_Example" tests="1" failures="0" timestamp="2021-03-01T11:59:13 IST" time="8.549" errors="0">
  <testcase name="DragDrop" time="8.549" classname="com.SingleExtentReport_Example.DragandDrop_Example"/>
  <system-out/>
</testsuite> <!-- com.SingleExtentReport_Example.DragandDrop_Example -->
