<?xml version="1.0" encoding="UTF-8"?>
<!-- Generated by org.testng.reporters.JUnitReportReporter -->
<testsuite skipped="0" hostname="WPU5CG0283G34L" name="com.OrangeHRM.DragandDrop_Example" tests="1" failures="0" timestamp="2021-02-24T11:25:27 IST" time="10.183" errors="0">
  <testcase name="DragDrop" time="10.183" classname="com.OrangeHRM.DragandDrop_Example"/>
  <system-out/>
</testsuite> <!-- com.OrangeHRM.DragandDrop_Example -->
