<?xml version="1.0" encoding="UTF-8"?>
<!-- Generated by org.testng.reporters.JUnitReportReporter -->
<testsuite skipped="0" hostname="WPU5CG0283G34L" name="com.OrangeHRM.OrangeHRM_Delete_AddedUser_From_WebTable" tests="3" failures="0" timestamp="2021-02-23T11:47:13 IST" time="41.761" errors="0">
  <testcase name="Sign_On" time="17.605" classname="com.OrangeHRM.OrangeHRM_Delete_AddedUser_From_WebTable"/>
  <system-out/>
  <testcase name="AddUsers_Page" time="8.702" classname="com.OrangeHRM.OrangeHRM_Delete_AddedUser_From_WebTable"/>
  <system-out/>
  <testcase name="VerifyAddedUser" time="15.454" classname="com.OrangeHRM.OrangeHRM_Delete_AddedUser_From_WebTable"/>
  <system-out/>
</testsuite> <!-- com.OrangeHRM.OrangeHRM_Delete_AddedUser_From_WebTable -->
