<?xml version="1.0" encoding="UTF-8"?>
<!-- Generated by org.testng.reporters.JUnitReportReporter -->
<testsuite skipped="0" hostname="WPU5CG0283G34L" name="com.OrangeHRM.OrangeHRM_Login_Headless_Browser" tests="2" failures="0" timestamp="2021-02-19T13:38:09 IST" time="35.283" errors="0">
  <testcase name="Login" time="33.916" classname="com.OrangeHRM.OrangeHRM_Login_Headless_Browser"/>
  <system-out/>
  <testcase name="Logout" time="1.367" classname="com.OrangeHRM.OrangeHRM_Login_Headless_Browser"/>
  <system-out/>
</testsuite> <!-- com.OrangeHRM.OrangeHRM_Login_Headless_Browser -->
