<?xml version="1.0" encoding="UTF-8"?>
<!-- Generated by org.testng.reporters.JUnitReportReporter -->
<testsuite skipped="0" hostname="WPU5CG0283G34L" name="com.OrangeHRM.OrangeHRM_Login_DataProvider" tests="3" failures="0" timestamp="2021-02-23T13:14:12 IST" time="68.744" errors="0">
  <testcase name="LoginToOrangeHRM" time="34.149" classname="com.OrangeHRM.OrangeHRM_Login_DataProvider"/>
  <system-out/>
  <testcase name="LoginToOrangeHRM" time="17.066" classname="com.OrangeHRM.OrangeHRM_Login_DataProvider"/>
  <system-out/>
  <testcase name="LoginToOrangeHRM" time="17.529" classname="com.OrangeHRM.OrangeHRM_Login_DataProvider"/>
  <system-out/>
</testsuite> <!-- com.OrangeHRM.OrangeHRM_Login_DataProvider -->
