<?xml version="1.0" encoding="UTF-8"?>
<!-- Generated by org.testng.reporters.JUnitReportReporter -->
<testsuite skipped="0" hostname="WPU5CG0283G34L" name="com.OrangeHRM.Reach_All_links" tests="1" failures="0" timestamp="2021-02-25T10:17:37 IST" time="34.709" errors="0">
  <testcase name="navigateToAllLinks" time="34.709" classname="com.OrangeHRM.Reach_All_links"/>
  <system-out/>
</testsuite> <!-- com.OrangeHRM.Reach_All_links -->
