<?xml version="1.0" encoding="UTF-8"?>
<!-- Generated by org.testng.reporters.JUnitReportReporter -->
<testsuite skipped="0" hostname="WPU5CG0283G34L" name="com.OrangeHRM.OrangeHRM_Create_Search_Delete" tests="1" failures="0" timestamp="2021-02-23T10:54:13 IST" time="28.125" errors="0">
  <testcase name="Search" time="28.125" classname="com.OrangeHRM.OrangeHRM_Create_Search_Delete"/>
  <system-out/>
</testsuite> <!-- com.OrangeHRM.OrangeHRM_Create_Search_Delete -->
