<?xml version="1.0" encoding="UTF-8"?>
<!-- Generated by org.testng.reporters.JUnitReportReporter -->
<testsuite skipped="0" hostname="WPU5CG0283G34L" name="com.OrangeHRM.SSL_Certificate_Accept_Example" tests="1" failures="0" timestamp="2021-02-25T12:15:58 IST" time="4.150" errors="0">
  <testcase name="openApplication" time="4.150" classname="com.OrangeHRM.SSL_Certificate_Accept_Example"/>
  <system-out/>
</testsuite> <!-- com.OrangeHRM.SSL_Certificate_Accept_Example -->
