<?xml version="1.0" encoding="UTF-8"?>
<!-- Generated by org.testng.reporters.JUnitReportReporter -->
<testsuite skipped="0" hostname="WPU5CG0283G34L" name="com.OrangeHRM.OrangeHRM_Login_Xpath_CSS_Example" tests="2" failures="0" timestamp="2021-02-19T12:05:00 IST" time="31.153" errors="0">
  <testcase name="Login" time="20.655" classname="com.OrangeHRM.OrangeHRM_Login_Xpath_CSS_Example"/>
  <system-out/>
  <testcase name="Logout" time="10.498" classname="com.OrangeHRM.OrangeHRM_Login_Xpath_CSS_Example"/>
  <system-out/>
</testsuite> <!-- com.OrangeHRM.OrangeHRM_Login_Xpath_CSS_Example -->
